<?xml version="1.0" encoding="UTF-8"?>
<testsuite name="MainTest" tests="11" skipped="0" failures="0" errors="0" timestamp="2024-05-26T10:55:02" hostname="DESKTOP-A97GDF4" time="0.02">
  <properties/>
  <testcase name="testTimeSubtractionMinutes" classname="MainTest" time="0.013"/>
  <testcase name="testTimeSubtractionNegativeBoth" classname="MainTest" time="0.0"/>
  <testcase name="testTimeSubtractionCrossingMidnight" classname="MainTest" time="0.001"/>
  <testcase name="testTimeSubtractionInvalidValue" classname="MainTest" time="0.0"/>
  <testcase name="testTimeSubtractionHours" classname="MainTest" time="0.001"/>
  <testcase name="test1" classname="MainTest" time="0.0"/>
  <testcase name="testTimeSubtractionNoChange" classname="MainTest" time="0.001"/>
  <testcase name="testTimeSubtractionInvalidFormat" classname="MainTest" time="0.0"/>
  <testcase name="testTimeSubtractionWithLeadingZeros" classname="MainTest" time="0.001"/>
  <testcase name="testTimeSubtractionNegativeMinutes" classname="MainTest" time="0.001"/>
  <testcase name="testTimeSubtractionNegativeHours" classname="MainTest" time="0.001"/>
  <system-out><![CDATA[]]></system-out>
  <system-err><![CDATA[]]></system-err>
</testsuite>
