<?xml version="1.0" encoding="UTF-8"?>
<testsuite name="MainTest" tests="10" skipped="0" failures="0" errors="0" timestamp="2024-05-26T10:17:13" hostname="DESKTOP-A97GDF4" time="0.021">
  <properties/>
  <testcase name="testDateTimeManipulationZeroHoursAndMinutes" classname="MainTest" time="0.016"/>
  <testcase name="testDateTimeManipulationNoChange" classname="MainTest" time="0.0"/>
  <testcase name="testDateTimeManipulationNegativeHoursPositiveMinutes" classname="MainTest" time="0.001"/>
  <testcase name="test1" classname="MainTest" time="0.0"/>
  <testcase name="test2" classname="MainTest" time="0.001"/>
  <testcase name="testDateTimeManipulationLargeHoursAndMinutes" classname="MainTest" time="0.0"/>
  <testcase name="testDateTimeManipulationNegativeHoursNegativeMinutes" classname="MainTest" time="0.001"/>
  <testcase name="testDateTimeManipulationPositiveHoursPositiveMinutes" classname="MainTest" time="0.0"/>
  <testcase name="testDateTimeManipulationPositiveHoursNegativeMinutes" classname="MainTest" time="0.0"/>
  <testcase name="testDateTimeManipulationCrossingMidnight" classname="MainTest" time="0.001"/>
  <system-out><![CDATA[]]></system-out>
  <system-err><![CDATA[]]></system-err>
</testsuite>
