<?xml version="1.0" encoding="UTF-8"?>
<testsuite name="MainTest" tests="11" skipped="0" failures="0" errors="0" timestamp="2024-05-25T12:24:09" hostname="DESKTOP-A97GDF4" time="0.019">
  <properties/>
  <testcase name="testZeroDayOfYear" classname="MainTest" time="0.007"/>
  <testcase name="testFirstDayOfMonth" classname="MainTest" time="0.002"/>
  <testcase name="testMaxYearNonFirstDayOfMonth" classname="MainTest" time="0.001"/>
  <testcase name="testNonexistentDayOfYear" classname="MainTest" time="0.001"/>
  <testcase name="testLeapYearNonFirstDayOfMonth" classname="MainTest" time="0.001"/>
  <testcase name="test1" classname="MainTest" time="0.001"/>
  <testcase name="test2" classname="MainTest" time="0.001"/>
  <testcase name="testLeapYearFirstDayOfMonth" classname="MainTest" time="0.001"/>
  <testcase name="testMaxYearFirstDayOfMonth" classname="MainTest" time="0.001"/>
  <testcase name="testNegativeYear" classname="MainTest" time="0.001"/>
  <testcase name="testNonFirstDayOfMonth" classname="MainTest" time="0.001"/>
  <system-out><![CDATA[]]></system-out>
  <system-err><![CDATA[]]></system-err>
</testsuite>
